<?xml version="1.0" encoding="UTF-8"?>
<!-- Generated by org.testng.reporters.JUnitReportReporter -->
<testsuite skipped="0" hostname="Kirsties-Air" name="tests.EmailValidationTest" tests="1" failures="0" timestamp="14 May 2019 18:31:51 GMT" time="6.937" errors="0">
  <testcase name="radioButtonMrSelection" time="6.937" classname="tests.EmailValidationTest"/>
</testsuite> <!-- tests.EmailValidationTest -->
