<?xml version="1.0" encoding="UTF-8"?>
<!-- Generated by org.testng.reporters.JUnitReportReporter -->
<testsuite skipped="0" hostname="Kirsties-Air" name="tests.SearchFunctionValidationTest" tests="7" failures="0" timestamp="13 May 2019 12:06:29 GMT" time="54.563" errors="0">
  <testcase name="ValidCharacters" time="3.868" classname="tests.SearchFunctionValidationTest"/>
  <testcase name="searchboxmincharacters" time="1.678" classname="tests.SearchFunctionValidationTest"/>
  <testcase name="searchbuttonclicklimit" time="37.136" classname="tests.SearchFunctionValidationTest"/>
  <testcase name="placeholdertext" time="1.558" classname="tests.SearchFunctionValidationTest"/>
  <testcase name="searchboxmaxcharacters" time="1.788" classname="tests.SearchFunctionValidationTest"/>
  <testcase name="InValidCharacters" time="5.151" classname="tests.SearchFunctionValidationTest"/>
  <testcase name="SearchNoCharacters" time="3.384" classname="tests.SearchFunctionValidationTest"/>
</testsuite> <!-- tests.SearchFunctionValidationTest -->
