<?xml version="1.0" encoding="UTF-8"?>
<!-- Generated by org.testng.reporters.JUnitReportReporter -->
<testsuite skipped="0" hostname="Kirsties-Air" name="tests.SearchFunctionNochars" tests="2" failures="0" timestamp="03 May 2019 15:54:51 GMT" time="6.974" errors="0">
  <testcase name="NoCharacters" time="2.981" classname="tests.SearchFunctionNochars"/>
  <testcase name="InValidCharacters" time="3.993" classname="tests.SearchFunctionNochars"/>
</testsuite> <!-- tests.SearchFunctionNochars -->
