<?xml version="1.0" encoding="UTF-8"?>
<!-- Generated by org.testng.reporters.JUnitReportReporter -->
<testsuite skipped="0" hostname="Kirsties-Air" name="tests.EmailValidation" tests="1" failures="0" timestamp="05 May 2019 12:33:08 GMT" time="5.341" errors="0">
  <testcase name="SignUp" time="5.341" classname="tests.EmailValidation"/>
</testsuite> <!-- tests.EmailValidation -->
