<?xml version="1.0" encoding="UTF-8"?>
<!-- Generated by org.testng.reporters.JUnitReportReporter -->
<testsuite skipped="0" hostname="Kirsties-Air" name="tests.SearchFunction" tests="2" failures="0" timestamp="02 May 2019 19:18:27 GMT" time="6.231" errors="0">
  <testcase name="noCharacters" time="1.884" classname="tests.SearchFunction"/>
  <testcase name="inValidCharacters" time="4.347" classname="tests.SearchFunction"/>
</testsuite> <!-- tests.SearchFunction -->
