<?xml version="1.0" encoding="UTF-8"?>
<!-- Generated by org.testng.reporters.JUnitReportReporter -->
<testsuite skipped="0" hostname="Kirsties-Air" name="tests.SearchFunctionValidationTest" tests="1" failures="0" timestamp="06 May 2019 11:36:55 GMT" time="40.710" errors="0">
  <testcase name="searchbuttonclicklimit" time="40.710" classname="tests.SearchFunctionValidationTest"/>
</testsuite> <!-- tests.SearchFunctionValidationTest -->
