<?xml version="1.0" encoding="UTF-8"?>
<!-- Generated by org.testng.reporters.JUnitReportReporter -->
<testsuite skipped="0" hostname="Kirsties-Air" name="tests.SearchFunctionValidation" tests="1" failures="0" timestamp="06 May 2019 08:43:27 GMT" time="5.738" errors="0">
  <testcase name="ValidCharacters" time="5.738" classname="tests.SearchFunctionValidation"/>
</testsuite> <!-- tests.SearchFunctionValidation -->
