<?xml version="1.0" encoding="UTF-8"?>
<!-- Generated by org.testng.reporters.JUnitReportReporter -->
<testsuite skipped="0" hostname="Kirsties-Air" name="tests.LandingPageTest" tests="1" failures="0" timestamp="13 May 2019 12:51:22 GMT" time="0.307" errors="0">
  <testcase name="APLogoDimensions" time="0.307" classname="tests.LandingPageTest"/>
</testsuite> <!-- tests.LandingPageTest -->
