<?xml version="1.0" encoding="UTF-8"?>
<!-- Generated by org.testng.reporters.JUnitReportReporter -->
<testsuite skipped="0" hostname="Kirsties-Air" name="tests.SearchFunctionInvalidChars" tests="1" failures="0" timestamp="03 May 2019 15:20:31 GMT" time="4.128" errors="0">
  <testcase name="InValidCharacters" time="4.128" classname="tests.SearchFunctionInvalidChars"/>
</testsuite> <!-- tests.SearchFunctionInvalidChars -->
