<?xml version="1.0" encoding="UTF-8"?>
<!-- Generated by org.testng.reporters.JUnitReportReporter -->
<testsuite skipped="0" hostname="Kirsties-Air" name="tests.APEmailValidation" tests="1" failures="0" timestamp="04 May 2019 16:17:20 GMT" time="5.376" errors="0">
  <testcase name="SignUp" time="5.376" classname="tests.APEmailValidation"/>
</testsuite> <!-- tests.APEmailValidation -->
